<?xml version="1.0" encoding="UTF-8" standalone="yes"?>
<!DOCTYPE report PUBLIC "-//JACOCO//DTD Report 1.1//EN" "report.dtd">
<report name="example-service">
  <sessioninfo id="localhost-1234567890" start="1700000000000" dump="1700003600000"/>
  <package name="com/example/service">
    <class name="com/example/service/OrderService" sourcefilename="OrderService.java">
      <method name="&lt;init&gt;" desc="()V" line="10">
        <counter type="INSTRUCTION" missed="0" covered="5"/>
        <counter type="LINE" missed="0" covered="3"/>
        <counter type="BRANCH" missed="0" covered="0"/>
        <counter type="METHOD" missed="0" covered="1"/>
      </method>
      <method name="processOrder" desc="(Ljava/lang/String;)V" line="15">
        <counter type="INSTRUCTION" missed="2" covered="20"/>
        <counter type="LINE" missed="1" covered="10"/>
        <counter type="BRANCH" missed="1" covered="3"/>
        <counter type="METHOD" missed="0" covered="1"/>
      </method>
      <counter type="INSTRUCTION" missed="2" covered="25"/>
      <counter type="LINE" missed="1" covered="13"/>
      <counter type="BRANCH" missed="1" covered="3"/>
      <counter type="METHOD" missed="0" covered="2"/>
      <counter type="CLASS" missed="0" covered="1"/>
    </class>
    <class name="com/example/service/UserService" sourcefilename="UserService.java">
      <method name="&lt;init&gt;" desc="()V" line="5">
        <counter type="INSTRUCTION" missed="0" covered="3"/>
        <counter type="LINE" missed="0" covered="2"/>
        <counter type="BRANCH" missed="0" covered="0"/>
        <counter type="METHOD" missed="0" covered="1"/>
      </method>
      <method name="getUser" desc="(I)Ljava/lang/Object;" line="10">
        <counter type="INSTRUCTION" missed="0" covered="15"/>
        <counter type="LINE" missed="0" covered="8"/>
        <counter type="BRANCH" missed="0" covered="4"/>
        <counter type="METHOD" missed="0" covered="1"/>
      </method>
      <counter type="INSTRUCTION" missed="0" covered="18"/>
      <counter type="LINE" missed="0" covered="10"/>
      <counter type="BRANCH" missed="0" covered="4"/>
      <counter type="METHOD" missed="0" covered="2"/>
      <counter type="CLASS" missed="0" covered="1"/>
    </class>
    <counter type="INSTRUCTION" missed="2" covered="43"/>
    <counter type="LINE" missed="1" covered="23"/>
    <counter type="BRANCH" missed="1" covered="7"/>
    <counter type="METHOD" missed="0" covered="4"/>
    <counter type="CLASS" missed="0" covered="2"/>
  </package>
  <counter type="INSTRUCTION" missed="2" covered="43"/>
  <counter type="LINE" missed="1" covered="23"/>
  <counter type="BRANCH" missed="1" covered="7"/>
  <counter type="METHOD" missed="0" covered="4"/>
  <counter type="CLASS" missed="0" covered="2"/>
</report>
