<?xml version="1.0" encoding="UTF-8" standalone="yes"?>
<!DOCTYPE report PUBLIC "-//JACOCO//DTD Report 1.1//EN" "report.dtd">
<report name="legacy-service">
  <sessioninfo id="localhost-9876543210" start="1700000000000" dump="1700003600000"/>
  <package name="com/legacy/app">
    <class name="com/legacy/app/MainApp" sourcefilename="MainApp.java">
      <method name="&lt;init&gt;" desc="()V" line="5">
        <counter type="INSTRUCTION" missed="10" covered="3"/>
        <counter type="LINE" missed="5" covered="2"/>
        <counter type="BRANCH" missed="4" covered="0"/>
        <counter type="METHOD" missed="0" covered="1"/>
      </method>
      <method name="run" desc="()V" line="20">
        <counter type="INSTRUCTION" missed="80" covered="10"/>
        <counter type="LINE" missed="40" covered="5"/>
        <counter type="BRANCH" missed="12" covered="2"/>
        <counter type="METHOD" missed="0" covered="1"/>
      </method>
      <counter type="INSTRUCTION" missed="90" covered="13"/>
      <counter type="LINE" missed="45" covered="7"/>
      <counter type="BRANCH" missed="16" covered="2"/>
      <counter type="METHOD" missed="0" covered="2"/>
      <counter type="CLASS" missed="0" covered="1"/>
    </class>
    <class name="com/legacy/app/DataProcessor" sourcefilename="DataProcessor.java">
      <method name="&lt;init&gt;" desc="()V" line="3">
        <counter type="INSTRUCTION" missed="5" covered="2"/>
        <counter type="LINE" missed="3" covered="1"/>
        <counter type="BRANCH" missed="0" covered="0"/>
        <counter type="METHOD" missed="0" covered="1"/>
      </method>
      <method name="process" desc="(Ljava/util/List;)V" line="10">
        <counter type="INSTRUCTION" missed="60" covered="5"/>
        <counter type="LINE" missed="30" covered="3"/>
        <counter type="BRANCH" missed="10" covered="1"/>
        <counter type="METHOD" missed="0" covered="1"/>
      </method>
      <counter type="INSTRUCTION" missed="65" covered="7"/>
      <counter type="LINE" missed="33" covered="4"/>
      <counter type="BRANCH" missed="10" covered="1"/>
      <counter type="METHOD" missed="0" covered="2"/>
      <counter type="CLASS" missed="0" covered="1"/>
    </class>
    <counter type="INSTRUCTION" missed="155" covered="20"/>
    <counter type="LINE" missed="78" covered="11"/>
    <counter type="BRANCH" missed="26" covered="3"/>
    <counter type="METHOD" missed="0" covered="4"/>
    <counter type="CLASS" missed="0" covered="2"/>
  </package>
  <counter type="INSTRUCTION" missed="155" covered="20"/>
  <counter type="LINE" missed="78" covered="11"/>
  <counter type="BRANCH" missed="26" covered="3"/>
  <counter type="METHOD" missed="0" covered="4"/>
  <counter type="CLASS" missed="0" covered="2"/>
</report>
